0 info it worked if it ends with ok
1 verbose cli [ 'C:\\Program Files (x86)\\nodejs\\\\node.exe',
1 verbose cli   'C:\\Program Files (x86)\\nodejs\\node_modules\\npm\\bin\\npm-cli.js',
1 verbose cli   'version',
1 verbose cli   'minor' ]
2 info using npm@2.5.1
3 info using node@v0.12.0
4 verbose node symlink C:\Program Files (x86)\nodejs\\node.exe
5 info git [ 'status', '--porcelain' ]
6 verbose stack Error: Git working directory not clean.
6 verbose stack M package.json
6 verbose stack     at C:\Program Files (x86)\nodejs\node_modules\npm\lib\version.js:138:37
6 verbose stack     at ChildProcess.exithandler (child_process.js:735:7)
6 verbose stack     at ChildProcess.emit (events.js:110:17)
6 verbose stack     at maybeClose (child_process.js:1008:16)
6 verbose stack     at Process.ChildProcess._handle.onexit (child_process.js:1080:5)
7 verbose cwd H:\dev\node\cWinPerfCounter
8 error Windows_NT 6.3.9600
9 error argv "C:\\Program Files (x86)\\nodejs\\\\node.exe" "C:\\Program Files (x86)\\nodejs\\node_modules\\npm\\bin\\npm-cli.js" "version" "minor"
10 error node v0.12.0
11 error npm  v2.5.1
12 error Git working directory not clean.
12 error M package.json
13 error If you need help, you may report this error at:
13 error     <http://github.com/npm/npm/issues>
14 verbose exit [ 1, true ]
